87848 execve("/usr/bin/sudo", ["sudo", "cpu_throttle_bpf/obj/attach_thro"..., "-v"], 0x7fff2615dff8 /* 40 vars */) = 0
87848 access("/etc/suid-debug", F_OK)   = -1 ENOENT (No such file or directory)
87848 brk(NULL)                         = 0x5814e706e000
87848 arch_prctl(0x3001 /* ARCH_??? */, 0x7ffdef05a590) = -1 EINVAL (Invalid argument)
87848 fcntl(0, F_GETFD)                 = 0
87848 fcntl(1, F_GETFD)                 = 0
87848 fcntl(2, F_GETFD)                 = 0
87848 access("/etc/suid-debug", F_OK)   = -1 ENOENT (No such file or directory)
87848 mmap(NULL, 8192, PROT_READ|PROT_WRITE, MAP_PRIVATE|MAP_ANONYMOUS, -1, 0) = 0x76031392d000
87848 access("/etc/ld.so.preload", R_OK) = -1 ENOENT (No such file or directory)
87848 openat(AT_FDCWD, "/usr/libexec/sudo/glibc-hwcaps/x86-64-v3/libaudit.so.1", O_RDONLY|O_CLOEXEC) = -1 ENOENT (No such file or directory)
87848 newfstatat(AT_FDCWD, "/usr/libexec/sudo/glibc-hwcaps/x86-64-v3", 0x7ffdef0597b0, 0) = -1 ENOENT (No such file or directory)
87848 openat(AT_FDCWD, "/usr/libexec/sudo/glibc-hwcaps/x86-64-v2/libaudit.so.1", O_RDONLY|O_CLOEXEC) = -1 ENOENT (No such file or directory)
87848 newfstatat(AT_FDCWD, "/usr/libexec/sudo/glibc-hwcaps/x86-64-v2", 0x7ffdef0597b0, 0) = -1 ENOENT (No such file or directory)
87848 openat(AT_FDCWD, "/usr/libexec/sudo/tls/haswell/x86_64/libaudit.so.1", O_RDONLY|O_CLOEXEC) = -1 ENOENT (No such file or directory)
87848 newfstatat(AT_FDCWD, "/usr/libexec/sudo/tls/haswell/x86_64", 0x7ffdef0597b0, 0) = -1 ENOENT (No such file or directory)
87848 openat(AT_FDCWD, "/usr/libexec/sudo/tls/haswell/libaudit.so.1", O_RDONLY|O_CLOEXEC) = -1 ENOENT (No such file or directory)
87848 newfstatat(AT_FDCWD, "/usr/libexec/sudo/tls/haswell", 0x7ffdef0597b0, 0) = -1 ENOENT (No such file or directory)
87848 openat(AT_FDCWD, "/usr/libexec/sudo/tls/x86_64/libaudit.so.1", O_RDONLY|O_CLOEXEC) = -1 ENOENT (No such file or directory)
87848 newfstatat(AT_FDCWD, "/usr/libexec/sudo/tls/x86_64", 0x7ffdef0597b0, 0) = -1 ENOENT (No such file or directory)
87848 openat(AT_FDCWD, "/usr/libexec/sudo/tls/libaudit.so.1", O_RDONLY|O_CLOEXEC) = -1 ENOENT (No such file or directory)
87848 newfstatat(AT_FDCWD, "/usr/libexec/sudo/tls", 0x7ffdef0597b0, 0) = -1 ENOENT (No such file or directory)
87848 openat(AT_FDCWD, "/usr/libexec/sudo/haswell/x86_64/libaudit.so.1", O_RDONLY|O_CLOEXEC) = -1 ENOENT (No such file or directory)
87848 newfstatat(AT_FDCWD, "/usr/libexec/sudo/haswell/x86_64", 0x7ffdef0597b0, 0) = -1 ENOENT (No such file or directory)
87848 openat(AT_FDCWD, "/usr/libexec/sudo/haswell/libaudit.so.1", O_RDONLY|O_CLOEXEC) = -1 ENOENT (No such file or directory)
87848 newfstatat(AT_FDCWD, "/usr/libexec/sudo/haswell", 0x7ffdef0597b0, 0) = -1 ENOENT (No such file or directory)
87848 openat(AT_FDCWD, "/usr/libexec/sudo/x86_64/libaudit.so.1", O_RDONLY|O_CLOEXEC) = -1 ENOENT (No such file or directory)
87848 newfstatat(AT_FDCWD, "/usr/libexec/sudo/x86_64", 0x7ffdef0597b0, 0) = -1 ENOENT (No such file or directory)
87848 openat(AT_FDCWD, "/usr/libexec/sudo/libaudit.so.1", O_RDONLY|O_CLOEXEC) = -1 ENOENT (No such file or directory)
87848 newfstatat(AT_FDCWD, "/usr/libexec/sudo", {st_mode=S_IFDIR|0755, st_size=4096, ...}, 0) = 0
87848 openat(AT_FDCWD, "/etc/ld.so.cache", O_RDONLY|O_CLOEXEC) = 3
87848 newfstatat(3, "", {st_mode=S_IFREG|0644, st_size=34047, ...}, AT_EMPTY_PATH) = 0
87848 mmap(NULL, 34047, PROT_READ, MAP_PRIVATE, 3, 0) = 0x760313924000
87848 close(3)                          = 0
87848 openat(AT_FDCWD, "/lib/x86_64-linux-gnu/libaudit.so.1", O_RDONLY|O_CLOEXEC) = 3
87848 read(3, "\177ELF\2\1\1\0\0\0\0\0\0\0\0\0\3\0>\0\1\0\0\0\0\0\0\0\0\0\0\0"..., 832) = 832
87848 newfstatat(3, "", {st_mode=S_IFREG|0644, st_size=133200, ...}, AT_EMPTY_PATH) = 0
87848 mmap(NULL, 184496, PROT_READ, MAP_PRIVATE|MAP_DENYWRITE, 3, 0) = 0x7603138f6000
87848 mmap(0x7603138f9000, 32768, PROT_READ|PROT_EXEC, MAP_PRIVATE|MAP_FIXED|MAP_DENYWRITE, 3, 0x3000) = 0x7603138f9000
87848 mmap(0x760313901000, 86016, PROT_READ, MAP_PRIVATE|MAP_FIXED|MAP_DENYWRITE, 3, 0xb000) = 0x760313901000
87848 mmap(0x760313916000, 8192, PROT_READ|PROT_WRITE, MAP_PRIVATE|MAP_FIXED|MAP_DENYWRITE, 3, 0x1f000) = 0x760313916000
87848 mmap(0x760313918000, 45232, PROT_READ|PROT_WRITE, MAP_PRIVATE|MAP_FIXED|MAP_ANONYMOUS, -1, 0) = 0x760313918000
87848 close(3)                          = 0
87848 openat(AT_FDCWD, "/usr/libexec/sudo/libselinux.so.1", O_RDONLY|O_CLOEXEC) = -1 ENOENT (No such file or directory)
87848 openat(AT_FDCWD, "/lib/x86_64-linux-gnu/libselinux.so.1", O_RDONLY|O_CLOEXEC) = 3
87848 read(3, "\177ELF\2\1\1\0\0\0\0\0\0\0\0\0\3\0>\0\1\0\0\0\0\0\0\0\0\0\0\0"..., 832) = 832
87848 newfstatat(3, "", {st_mode=S_IFREG|0644, st_size=166280, ...}, AT_EMPTY_PATH) = 0
87848 mmap(NULL, 177672, PROT_READ, MAP_PRIVATE|MAP_DENYWRITE, 3, 0) = 0x7603138ca000
87848 mprotect(0x7603138d0000, 139264, PROT_NONE) = 0
87848 mmap(0x7603138d0000, 106496, PROT_READ|PROT_EXEC, MAP_PRIVATE|MAP_FIXED|MAP_DENYWRITE, 3, 0x6000) = 0x7603138d0000
87848 mmap(0x7603138ea000, 28672, PROT_READ, MAP_PRIVATE|MAP_FIXED|MAP_DENYWRITE, 3, 0x20000) = 0x7603138ea000
87848 mmap(0x7603138f2000, 8192, PROT_READ|PROT_WRITE, MAP_PRIVATE|MAP_FIXED|MAP_DENYWRITE, 3, 0x27000) = 0x7603138f2000
87848 mmap(0x7603138f4000, 5640, PROT_READ|PROT_WRITE, MAP_PRIVATE|MAP_FIXED|MAP_ANONYMOUS, -1, 0) = 0x7603138f4000
87848 close(3)                          = 0
87848 openat(AT_FDCWD, "/usr/libexec/sudo/libsudo_util.so.0", O_RDONLY|O_CLOEXEC) = 3
87848 read(3, "\177ELF\2\1\1\0\0\0\0\0\0\0\0\0\3\0>\0\1\0\0\0\0\0\0\0\0\0\0\0"..., 832) = 832
87848 newfstatat(3, "", {st_mode=S_IFREG|0644, st_size=134136, ...}, AT_EMPTY_PATH) = 0
87848 mmap(NULL, 137400, PROT_READ, MAP_PRIVATE|MAP_DENYWRITE, 3, 0) = 0x7603138a8000
87848 mprotect(0x7603138ae000, 106496, PROT_NONE) = 0
87848 mmap(0x7603138ae000, 77824, PROT_READ|PROT_EXEC, MAP_PRIVATE|MAP_FIXED|MAP_DENYWRITE, 3, 0x6000) = 0x7603138ae000
87848 mmap(0x7603138c1000, 24576, PROT_READ, MAP_PRIVATE|MAP_FIXED|MAP_DENYWRITE, 3, 0x19000) = 0x7603138c1000
87848 mmap(0x7603138c8000, 8192, PROT_READ|PROT_WRITE, MAP_PRIVATE|MAP_FIXED|MAP_DENYWRITE, 3, 0x1f000) = 0x7603138c8000
87848 close(3)                          = 0
87848 openat(AT_FDCWD, "/usr/libexec/sudo/libc.so.6", O_RDONLY|O_CLOEXEC) = -1 ENOENT (No such file or directory)
87848 openat(AT_FDCWD, "/lib/x86_64-linux-gnu/libc.so.6", O_RDONLY|O_CLOEXEC) = 3
87848 read(3, "\177ELF\2\1\1\3\0\0\0\0\0\0\0\0\3\0>\0\1\0\0\0P\237\2\0\0\0\0\0"..., 832) = 832
87848 pread64(3, "\6\0\0\0\4\0\0\0@\0\0\0\0\0\0\0@\0\0\0\0\0\0\0@\0\0\0\0\0\0\0"..., 784, 64) = 784
87848 pread64(3, "\4\0\0\0 \0\0\0\5\0\0\0GNU\0\2\0\0\300\4\0\0\0\3\0\0\0\0\0\0\0"..., 48, 848) = 48
87848 pread64(3, "\4\0\0\0\24\0\0\0\3\0\0\0GNU\0\325\31p\226\367\t\200\30)\261\30\257\33|\366c"..., 68, 896) = 68
87848 newfstatat(3, "", {st_mode=S_IFREG|0755, st_size=2220400, ...}, AT_EMPTY_PATH) = 0
87848 pread64(3, "\6\0\0\0\4\0\0\0@\0\0\0\0\0\0\0@\0\0\0\0\0\0\0@\0\0\0\0\0\0\0"..., 784, 64) = 784
87848 mmap(NULL, 2264656, PROT_READ, MAP_PRIVATE|MAP_DENYWRITE, 3, 0) = 0x760313600000
87848 mprotect(0x760313628000, 2023424, PROT_NONE) = 0
87848 mmap(0x760313628000, 1658880, PROT_READ|PROT_EXEC, MAP_PRIVATE|MAP_FIXED|MAP_DENYWRITE, 3, 0x28000) = 0x760313628000
87848 mmap(0x7603137bd000, 360448, PROT_READ, MAP_PRIVATE|MAP_FIXED|MAP_DENYWRITE, 3, 0x1bd000) = 0x7603137bd000
87848 mmap(0x760313816000, 24576, PROT_READ|PROT_WRITE, MAP_PRIVATE|MAP_FIXED|MAP_DENYWRITE, 3, 0x215000) = 0x760313816000
87848 mmap(0x76031381c000, 52816, PROT_READ|PROT_WRITE, MAP_PRIVATE|MAP_FIXED|MAP_ANONYMOUS, -1, 0) = 0x76031381c000
87848 close(3)                          = 0
87848 openat(AT_FDCWD, "/lib/x86_64-linux-gnu/libcap-ng.so.0", O_RDONLY|O_CLOEXEC) = 3
87848 read(3, "\177ELF\2\1\1\0\0\0\0\0\0\0\0\0\3\0>\0\1\0\0\0\0\0\0\0\0\0\0\0"..., 832) = 832
87848 newfstatat(3, "", {st_mode=S_IFREG|0644, st_size=27072, ...}, AT_EMPTY_PATH) = 0
87848 mmap(NULL, 28992, PROT_READ, MAP_PRIVATE|MAP_DENYWRITE, 3, 0) = 0x7603138a0000
87848 mmap(0x7603138a2000, 12288, PROT_READ|PROT_EXEC, MAP_PRIVATE|MAP_FIXED|MAP_DENYWRITE, 3, 0x2000) = 0x7603138a2000
87848 mmap(0x7603138a5000, 4096, PROT_READ, MAP_PRIVATE|MAP_FIXED|MAP_DENYWRITE, 3, 0x5000) = 0x7603138a5000
87848 mmap(0x7603138a6000, 8192, PROT_READ|PROT_WRITE, MAP_PRIVATE|MAP_FIXED|MAP_DENYWRITE, 3, 0x5000) = 0x7603138a6000
87848 close(3)                          = 0
87848 openat(AT_FDCWD, "/lib/x86_64-linux-gnu/libpcre2-8.so.0", O_RDONLY|O_CLOEXEC) = 3
87848 read(3, "\177ELF\2\1\1\0\0\0\0\0\0\0\0\0\3\0>\0\1\0\0\0\0\0\0\0\0\0\0\0"..., 832) = 832
87848 newfstatat(3, "", {st_mode=S_IFREG|0644, st_size=613064, ...}, AT_EMPTY_PATH) = 0
87848 mmap(NULL, 8192, PROT_READ|PROT_WRITE, MAP_PRIVATE|MAP_ANONYMOUS, -1, 0) = 0x76031389e000
87848 mmap(NULL, 615184, PROT_READ, MAP_PRIVATE|MAP_DENYWRITE, 3, 0) = 0x760313569000
87848 mmap(0x76031356b000, 438272, PROT_READ|PROT_EXEC, MAP_PRIVATE|MAP_FIXED|MAP_DENYWRITE, 3, 0x2000) = 0x76031356b000
87848 mmap(0x7603135d6000, 163840, PROT_READ, MAP_PRIVATE|MAP_FIXED|MAP_DENYWRITE, 3, 0x6d000) = 0x7603135d6000
87848 mmap(0x7603135fe000, 8192, PROT_READ|PROT_WRITE, MAP_PRIVATE|MAP_FIXED|MAP_DENYWRITE, 3, 0x94000) = 0x7603135fe000
87848 close(3)                          = 0
87848 mmap(NULL, 12288, PROT_READ|PROT_WRITE, MAP_PRIVATE|MAP_ANONYMOUS, -1, 0) = 0x76031389b000
87848 arch_prctl(ARCH_SET_FS, 0x76031389b840) = 0
87848 set_tid_address(0x76031389bb10)   = 87848
87848 set_robust_list(0x76031389bb20, 24) = 0
87848 rseq(0x76031389c1e0, 0x20, 0, 0x53053053) = 0
87848 mprotect(0x760313816000, 16384, PROT_READ) = 0
87848 mprotect(0x7603135fe000, 4096, PROT_READ) = 0
87848 mprotect(0x7603138a6000, 4096, PROT_READ) = 0
87848 mprotect(0x7603138c8000, 4096, PROT_READ) = 0
87848 mprotect(0x7603138f2000, 4096, PROT_READ) = 0
87848 mprotect(0x760313916000, 4096, PROT_READ) = 0
87848 mprotect(0x5814aa60c000, 8192, PROT_READ) = 0
87848 mprotect(0x760313967000, 8192, PROT_READ) = 0
87848 prlimit64(0, RLIMIT_STACK, NULL, {rlim_cur=8192*1024, rlim_max=RLIM64_INFINITY}) = 0
87848 munmap(0x760313924000, 34047)     = 0
87848 statfs("/sys/fs/selinux", 0x7ffdef05a5d0) = -1 ENOENT (No such file or directory)
87848 statfs("/selinux", 0x7ffdef05a5d0) = -1 ENOENT (No such file or directory)
87848 getrandom("\x76\x3e\xd4\x75\x96\xa4\x8d\x8c", 8, GRND_NONBLOCK) = 8
87848 brk(NULL)                         = 0x5814e706e000
87848 brk(0x5814e708f000)               = 0x5814e708f000
87848 openat(AT_FDCWD, "/proc/filesystems", O_RDONLY|O_CLOEXEC) = 3
87848 newfstatat(3, "", {st_mode=S_IFREG|0444, st_size=0, ...}, AT_EMPTY_PATH) = 0
87848 read(3, "nodev\tsysfs\nnodev\ttmpfs\nnodev\tbd"..., 1024) = 440
87848 read(3, "", 1024)                 = 0
87848 close(3)                          = 0
87848 access("/etc/selinux/config", F_OK) = -1 ENOENT (No such file or directory)
87848 prlimit64(0, RLIMIT_AS, NULL, {rlim_cur=RLIM64_INFINITY, rlim_max=RLIM64_INFINITY}) = 0
87848 prlimit64(0, RLIMIT_CORE, NULL, {rlim_cur=0, rlim_max=RLIM64_INFINITY}) = 0
87848 prlimit64(0, RLIMIT_CPU, NULL, {rlim_cur=RLIM64_INFINITY, rlim_max=RLIM64_INFINITY}) = 0
87848 prlimit64(0, RLIMIT_CPU, {rlim_cur=RLIM64_INFINITY, rlim_max=RLIM64_INFINITY}, NULL) = 0
87848 prlimit64(0, RLIMIT_DATA, NULL, {rlim_cur=RLIM64_INFINITY, rlim_max=RLIM64_INFINITY}) = 0
87848 prlimit64(0, RLIMIT_FSIZE, NULL, {rlim_cur=RLIM64_INFINITY, rlim_max=RLIM64_INFINITY}) = 0
87848 prlimit64(0, RLIMIT_FSIZE, {rlim_cur=RLIM64_INFINITY, rlim_max=RLIM64_INFINITY}, NULL) = 0
87848 prlimit64(0, RLIMIT_LOCKS, NULL, {rlim_cur=RLIM64_INFINITY, rlim_max=RLIM64_INFINITY}) = 0
87848 prlimit64(0, RLIMIT_MEMLOCK, NULL, {rlim_cur=RLIM64_INFINITY, rlim_max=RLIM64_INFINITY}) = 0
87848 prlimit64(0, RLIMIT_NOFILE, NULL, {rlim_cur=1024*1024, rlim_max=1024*1024}) = 0
87848 prlimit64(0, RLIMIT_NPROC, NULL, {rlim_cur=901911, rlim_max=901911}) = 0
87848 prlimit64(0, RLIMIT_NPROC, {rlim_cur=RLIM64_INFINITY, rlim_max=RLIM64_INFINITY}, NULL) = -1 EPERM (Operation not permitted)
87848 prlimit64(0, RLIMIT_NPROC, {rlim_cur=901911, rlim_max=901911}, NULL) = 0
87848 prlimit64(0, RLIMIT_RSS, NULL, {rlim_cur=RLIM64_INFINITY, rlim_max=RLIM64_INFINITY}) = 0
87848 prlimit64(0, RLIMIT_RSS, {rlim_cur=RLIM64_INFINITY, rlim_max=RLIM64_INFINITY}, NULL) = 0
87848 prlimit64(0, RLIMIT_STACK, NULL, {rlim_cur=8192*1024, rlim_max=RLIM64_INFINITY}) = 0
87848 fcntl(0, F_GETFL)                 = 0x2 (flags O_RDWR)
87848 fcntl(1, F_GETFL)                 = 0x2 (flags O_RDWR)
87848 fcntl(2, F_GETFL)                 = 0x2 (flags O_RDWR)
87848 openat(AT_FDCWD, "/usr/lib/locale/locale-archive", O_RDONLY|O_CLOEXEC) = 3
87848 newfstatat(3, "", {st_mode=S_IFREG|0644, st_size=3048928, ...}, AT_EMPTY_PATH) = 0
87848 mmap(NULL, 3048928, PROT_READ, MAP_PRIVATE, 3, 0) = 0x760313200000
87848 close(3)                          = 0
87848 openat(AT_FDCWD, "/usr/share/locale/locale.alias", O_RDONLY|O_CLOEXEC) = 3
87848 newfstatat(3, "", {st_mode=S_IFREG|0644, st_size=2996, ...}, AT_EMPTY_PATH) = 0
87848 read(3, "# Locale name alias data base.\n#"..., 4096) = 2996
87848 read(3, "", 4096)                 = 0
87848 close(3)                          = 0
87848 openat(AT_FDCWD, "/usr/lib/locale/C.UTF-8/LC_IDENTIFICATION", O_RDONLY|O_CLOEXEC) = -1 ENOENT (No such file or directory)
87848 openat(AT_FDCWD, "/usr/lib/locale/C.utf8/LC_IDENTIFICATION", O_RDONLY|O_CLOEXEC) = 3
87848 newfstatat(3, "", {st_mode=S_IFREG|0644, st_size=258, ...}, AT_EMPTY_PATH) = 0
87848 mmap(NULL, 258, PROT_READ, MAP_PRIVATE, 3, 0) = 0x760313966000
87848 close(3)                          = 0
87848 openat(AT_FDCWD, "/usr/lib/x86_64-linux-gnu/gconv/gconv-modules.cache", O_RDONLY) = 3
87848 newfstatat(3, "", {st_mode=S_IFREG|0644, st_size=27002, ...}, AT_EMPTY_PATH) = 0
87848 mmap(NULL, 27002, PROT_READ, MAP_SHARED, 3, 0) = 0x760313926000
87848 close(3)                          = 0
87848 futex(0x76031381ba6c, FUTEX_WAKE_PRIVATE, 2147483647) = 0
87848 openat(AT_FDCWD, "/usr/lib/locale/C.UTF-8/LC_MEASUREMENT", O_RDONLY|O_CLOEXEC) = -1 ENOENT (No such file or directory)
87848 openat(AT_FDCWD, "/usr/lib/locale/C.utf8/LC_MEASUREMENT", O_RDONLY|O_CLOEXEC) = 3
87848 newfstatat(3, "", {st_mode=S_IFREG|0644, st_size=23, ...}, AT_EMPTY_PATH) = 0
87848 mmap(NULL, 23, PROT_READ, MAP_PRIVATE, 3, 0) = 0x760313925000
87848 close(3)                          = 0
87848 openat(AT_FDCWD, "/usr/lib/locale/C.UTF-8/LC_TELEPHONE", O_RDONLY|O_CLOEXEC) = -1 ENOENT (No such file or directory)
87848 openat(AT_FDCWD, "/usr/lib/locale/C.utf8/LC_TELEPHONE", O_RDONLY|O_CLOEXEC) = 3
87848 newfstatat(3, "", {st_mode=S_IFREG|0644, st_size=47, ...}, AT_EMPTY_PATH) = 0
87848 mmap(NULL, 47, PROT_READ, MAP_PRIVATE, 3, 0) = 0x760313924000
87848 close(3)                          = 0
87848 openat(AT_FDCWD, "/usr/lib/locale/C.UTF-8/LC_ADDRESS", O_RDONLY|O_CLOEXEC) = -1 ENOENT (No such file or directory)
87848 openat(AT_FDCWD, "/usr/lib/locale/C.utf8/LC_ADDRESS", O_RDONLY|O_CLOEXEC) = 3
87848 newfstatat(3, "", {st_mode=S_IFREG|0644, st_size=127, ...}, AT_EMPTY_PATH) = 0
87848 mmap(NULL, 127, PROT_READ, MAP_PRIVATE, 3, 0) = 0x76031389a000
87848 close(3)                          = 0
87848 openat(AT_FDCWD, "/usr/lib/locale/C.UTF-8/LC_NAME", O_RDONLY|O_CLOEXEC) = -1 ENOENT (No such file or directory)
87848 openat(AT_FDCWD, "/usr/lib/locale/C.utf8/LC_NAME", O_RDONLY|O_CLOEXEC) = 3
87848 newfstatat(3, "", {st_mode=S_IFREG|0644, st_size=62, ...}, AT_EMPTY_PATH) = 0
87848 mmap(NULL, 62, PROT_READ, MAP_PRIVATE, 3, 0) = 0x760313899000
87848 close(3)                          = 0
87848 openat(AT_FDCWD, "/usr/lib/locale/C.UTF-8/LC_PAPER", O_RDONLY|O_CLOEXEC) = -1 ENOENT (No such file or directory)
87848 openat(AT_FDCWD, "/usr/lib/locale/C.utf8/LC_PAPER", O_RDONLY|O_CLOEXEC) = 3
87848 newfstatat(3, "", {st_mode=S_IFREG|0644, st_size=34, ...}, AT_EMPTY_PATH) = 0
87848 mmap(NULL, 34, PROT_READ, MAP_PRIVATE, 3, 0) = 0x760313898000
87848 close(3)                          = 0
87848 openat(AT_FDCWD, "/usr/lib/locale/C.UTF-8/LC_MESSAGES", O_RDONLY|O_CLOEXEC) = -1 ENOENT (No such file or directory)
87848 openat(AT_FDCWD, "/usr/lib/locale/C.utf8/LC_MESSAGES", O_RDONLY|O_CLOEXEC) = 3
87848 newfstatat(3, "", {st_mode=S_IFDIR|0755, st_size=4096, ...}, AT_EMPTY_PATH) = 0
87848 close(3)                          = 0
87848 openat(AT_FDCWD, "/usr/lib/locale/C.utf8/LC_MESSAGES/SYS_LC_MESSAGES", O_RDONLY|O_CLOEXEC) = 3
87848 newfstatat(3, "", {st_mode=S_IFREG|0644, st_size=48, ...}, AT_EMPTY_PATH) = 0
87848 mmap(NULL, 48, PROT_READ, MAP_PRIVATE, 3, 0) = 0x760313897000
87848 close(3)                          = 0
87848 openat(AT_FDCWD, "/usr/lib/locale/C.UTF-8/LC_MONETARY", O_RDONLY|O_CLOEXEC) = -1 ENOENT (No such file or directory)
87848 openat(AT_FDCWD, "/usr/lib/locale/C.utf8/LC_MONETARY", O_RDONLY|O_CLOEXEC) = 3
87848 newfstatat(3, "", {st_mode=S_IFREG|0644, st_size=270, ...}, AT_EMPTY_PATH) = 0
87848 mmap(NULL, 270, PROT_READ, MAP_PRIVATE, 3, 0) = 0x760313896000
87848 close(3)                          = 0
87848 openat(AT_FDCWD, "/usr/lib/locale/C.UTF-8/LC_COLLATE", O_RDONLY|O_CLOEXEC) = -1 ENOENT (No such file or directory)
87848 openat(AT_FDCWD, "/usr/lib/locale/C.utf8/LC_COLLATE", O_RDONLY|O_CLOEXEC) = 3
87848 newfstatat(3, "", {st_mode=S_IFREG|0644, st_size=1406, ...}, AT_EMPTY_PATH) = 0
87848 mmap(NULL, 1406, PROT_READ, MAP_PRIVATE, 3, 0) = 0x760313895000
87848 close(3)                          = 0
87848 openat(AT_FDCWD, "/usr/lib/locale/C.UTF-8/LC_TIME", O_RDONLY|O_CLOEXEC) = -1 ENOENT (No such file or directory)
87848 openat(AT_FDCWD, "/usr/lib/locale/C.utf8/LC_TIME", O_RDONLY|O_CLOEXEC) = 3
87848 newfstatat(3, "", {st_mode=S_IFREG|0644, st_size=3360, ...}, AT_EMPTY_PATH) = 0
87848 mmap(NULL, 3360, PROT_READ, MAP_PRIVATE, 3, 0) = 0x760313894000
87848 close(3)                          = 0
87848 openat(AT_FDCWD, "/usr/lib/locale/C.UTF-8/LC_NUMERIC", O_RDONLY|O_CLOEXEC) = -1 ENOENT (No such file or directory)
87848 openat(AT_FDCWD, "/usr/lib/locale/C.utf8/LC_NUMERIC", O_RDONLY|O_CLOEXEC) = 3
87848 newfstatat(3, "", {st_mode=S_IFREG|0644, st_size=50, ...}, AT_EMPTY_PATH) = 0
87848 mmap(NULL, 50, PROT_READ, MAP_PRIVATE, 3, 0) = 0x760313893000
87848 close(3)                          = 0
87848 openat(AT_FDCWD, "/usr/lib/locale/C.UTF-8/LC_CTYPE", O_RDONLY|O_CLOEXEC) = -1 ENOENT (No such file or directory)
87848 openat(AT_FDCWD, "/usr/lib/locale/C.utf8/LC_CTYPE", O_RDONLY|O_CLOEXEC) = 3
87848 newfstatat(3, "", {st_mode=S_IFREG|0644, st_size=353616, ...}, AT_EMPTY_PATH) = 0
87848 mmap(NULL, 353616, PROT_READ, MAP_PRIVATE, 3, 0) = 0x76031383c000
87848 close(3)                          = 0
87848 openat(AT_FDCWD, "/etc/localtime", O_RDONLY|O_CLOEXEC) = 3
87848 newfstatat(3, "", {st_mode=S_IFREG|0644, st_size=114, ...}, AT_EMPTY_PATH) = 0
87848 newfstatat(3, "", {st_mode=S_IFREG|0644, st_size=114, ...}, AT_EMPTY_PATH) = 0
87848 read(3, "TZif2\0\0\0\0\0\0\0\0\0\0\0\0\0\0\0\0\0\0\0\0\0\0\0\0\0\0\0"..., 4096) = 114
87848 lseek(3, -60, SEEK_CUR)           = 54
87848 read(3, "TZif2\0\0\0\0\0\0\0\0\0\0\0\0\0\0\0\0\0\0\0\0\0\0\0\0\0\0\0"..., 4096) = 60
87848 close(3)                          = 0
87848 newfstatat(AT_FDCWD, "/etc/sudo.conf", {st_mode=S_IFREG|0644, st_size=4573, ...}, 0) = 0
87848 openat(AT_FDCWD, "/etc/sudo.conf", O_RDONLY) = 3
87848 newfstatat(3, "", {st_mode=S_IFREG|0644, st_size=4573, ...}, AT_EMPTY_PATH) = 0
87848 read(3, "#\n# Default /etc/sudo.conf file\n"..., 4096) = 4096
87848 read(3, "rity[,subsyste@priority]\n#\n# Sud"..., 4096) = 477
87848 read(3, "", 4096)                 = 0
87848 close(3)                          = 0
87848 geteuid()                         = 1001
87848 prctl(PR_GET_NO_NEW_PRIVS, 0, 0, 0, 0) = 0
87848 access("/home/azureuser/.cursor-server/cli/servers/Stable-031e7e0ff1e2eda9c1a0f5df67d44053b059c5d0/server/bin/remote-cli/sudo", X_OK) = -1 ENOENT (No such file or directory)
87848 access("/usr/local/sbin/sudo", X_OK) = -1 ENOENT (No such file or directory)
87848 access("/usr/local/bin/sudo", X_OK) = -1 ENOENT (No such file or directory)
87848 access("/usr/sbin/sudo", X_OK)    = -1 ENOENT (No such file or directory)
87848 access("/usr/bin/sudo", X_OK)     = 0
87848 newfstatat(AT_FDCWD, "/usr/bin/sudo", {st_mode=S_IFREG|S_ISUID|0755, st_size=232416, ...}, 0) = 0
87848 openat(AT_FDCWD, "/usr/share/locale/C.UTF-8/LC_MESSAGES/sudo.mo", O_RDONLY) = -1 ENOENT (No such file or directory)
87848 openat(AT_FDCWD, "/usr/share/locale/C.utf8/LC_MESSAGES/sudo.mo", O_RDONLY) = -1 ENOENT (No such file or directory)
87848 openat(AT_FDCWD, "/usr/share/locale/C/LC_MESSAGES/sudo.mo", O_RDONLY) = -1 ENOENT (No such file or directory)
87848 openat(AT_FDCWD, "/usr/share/locale-langpack/C.UTF-8/LC_MESSAGES/sudo.mo", O_RDONLY) = -1 ENOENT (No such file or directory)
87848 openat(AT_FDCWD, "/usr/share/locale-langpack/C.utf8/LC_MESSAGES/sudo.mo", O_RDONLY) = -1 ENOENT (No such file or directory)
87848 openat(AT_FDCWD, "/usr/share/locale-langpack/C/LC_MESSAGES/sudo.mo", O_RDONLY) = -1 ENOENT (No such file or directory)
87848 write(2, "sudo", 4)               = 4
87848 write(2, ": ", 2)                 = 2
87848 write(2, "effective uid is not 0, is /usr/"..., 133) = 133
87848 ioctl(2, TCGETS, {B38400 opost isig icanon echo ...}) = 0
87848 write(2, "\r", 1)                 = 1
87848 write(2, "\n", 1)                 = 1
87848 exit_group(1)                     = ?
87848 +++ exited with 1 +++
