Kernel version: 6.8.0
MSR access được kích hoạt thành công
WARN: CPUID.0x7.0: Monitoring capability not supported!
WARN: Cache allocation not supported on model name 'Intel(R) Xeon(R) CPU E5-2690 v4 @ 2.60GHz'!
ERROR: No Platform QoS capability discovered
ERROR: discover_capabilities() error 1
RDT không khả dụng: 1
perf_event_open instructions: No such file or directory
PSI monitoring được thiết lập thành công
Netlink socket được thiết lập thành công
Ring buffer đã được thiết lập
Sau setup_ring_buffer()
active_methods mask=0xa6
setup_collection_methods: active_methods=0xa6
Gọi update_cloaking_config...
update_cloaking_config xong
Đang gắn chương trình on_switch...
libbpf: failed to determine tracepoint 'sched/psi_cpu_some' perf event ID: No such file or directory
libbpf: prog 'on_psi_cpu': failed to create tracepoint 'sched/psi_cpu_some' perf event: No such file or directory
Không thể gắn tracepoint PSI: No such file or directory
libbpf: prog 'probe_read_msr': failed to create kprobe 'native_read_msr+0x0' perf event: Invalid argument
Cảnh báo: Không thể gắn kprobe native_read_msr
Cảnh báo: Không thể gắn perf_event handler
libbpf: failed to pin map: File exists
Cảnh báo: Không thể ghim maps: -17
=== CPU Throttle System - Phiên Bản Sản Xuất ===
PID: 33417
Thời gian khởi động: Sat Jul  5 06:56:32 2025
Phương pháp thu thập sẵn có:
  [x] BPF Ring Buffer
  [x] MSR
  [ ] KProbes/UProbes
  [ ] Intel RDT
  [ ] Cgroups v2 + PSI
  [ ] Hardware Performance Counters
  [x] Netlink Sockets
Cloaking: Đã kích hoạt (Chiến lược: Adaptive)
Hệ thống đang chạy. Nhấn Ctrl+C để dừng...
CPU: temp=0°C source=0 psi=0% load=2% freq=0kHz ipc=0/1000
CPU: temp=0°C source=0 psi=0% load=2% freq=0kHz ipc=0/1000
CPU: temp=0°C source=0 psi=0% load=2% freq=0kHz ipc=0/1000
CPU: temp=0°C source=0 psi=0% load=2% freq=0kHz ipc=0/1000
CPU: temp=0°C source=0 psi=0% load=2% freq=0kHz ipc=0/1000
CPU: temp=0°C source=0 psi=0% load=2% freq=0kHz ipc=0/1000
CPU: temp=0°C source=0 psi=0% load=2% freq=0kHz ipc=0/1000
CPU: temp=0°C source=0 psi=0% load=2% freq=0kHz ipc=0/1000
CPU: temp=0°C source=0 psi=0% load=2% freq=0kHz ipc=0/1000
CPU: temp=0°C source=0 psi=0% load=2% freq=0kHz ipc=0/1000
CPU: temp=0°C source=0 psi=0% load=2% freq=0kHz ipc=0/1000
CPU: temp=0°C source=0 psi=0% load=2% freq=0kHz ipc=0/1000
CPU: temp=0°C source=0 psi=0% load=2% freq=0kHz ipc=0/1000
CPU: temp=0°C source=0 psi=0% load=2% freq=0kHz ipc=0/1000
CPU: temp=0°C source=0 psi=0% load=2% freq=0kHz ipc=0/1000
CPU: temp=0°C source=0 psi=0% load=2% freq=0kHz ipc=0/1000
CPU: temp=0°C source=0 psi=0% load=2% freq=0kHz ipc=0/1000
CPU: temp=0°C source=0 psi=0% load=2% freq=0kHz ipc=0/1000
CPU: temp=0°C source=0 psi=0% load=2% freq=0kHz ipc=0/1000
CPU: temp=0°C source=0 psi=0% load=2% freq=0kHz ipc=0/1000
CPU: temp=0°C source=0 psi=0% load=2% freq=0kHz ipc=0/1000
CPU: temp=0°C source=0 psi=0% load=2% freq=0kHz ipc=0/1000
CPU: temp=0°C source=0 psi=0% load=2% freq=0kHz ipc=0/1000
CPU: temp=0°C source=0 psi=0% load=2% freq=0kHz ipc=0/1000
CPU: temp=0°C source=0 psi=0% load=2% freq=0kHz ipc=0/1000
CPU: temp=0°C source=0 psi=0% load=2% freq=0kHz ipc=0/1000
CPU: temp=0°C source=0 psi=0% load=2% freq=0kHz ipc=0/1000
CPU: temp=0°C source=0 psi=0% load=2% freq=0kHz ipc=0/1000
CPU: temp=0°C source=0 psi=0% load=2% freq=0kHz ipc=0/1000
CPU: temp=0°C source=0 psi=0% load=2% freq=0kHz ipc=0/1000
CPU: temp=0°C source=0 psi=0% load=2% freq=0kHz ipc=0/1000
CPU: temp=0°C source=0 psi=0% load=2% freq=0kHz ipc=0/1000
CPU: temp=0°C source=0 psi=0% load=2% freq=0kHz ipc=0/1000
CPU: temp=0°C source=0 psi=0% load=2% freq=0kHz ipc=0/1000
CPU: temp=0°C source=0 psi=0% load=2% freq=0kHz ipc=0/1000
CPU: temp=0°C source=0 psi=0% load=2% freq=0kHz ipc=0/1000
CPU: temp=0°C source=0 psi=0% load=2% freq=0kHz ipc=0/1000
CPU: temp=0°C source=0 psi=0% load=2% freq=0kHz ipc=0/1000
CPU: temp=0°C source=0 psi=0% load=2% freq=0kHz ipc=0/1000
CPU: temp=0°C source=0 psi=0% load=2% freq=0kHz ipc=0/1000
CPU: temp=0°C source=0 psi=0% load=2% freq=0kHz ipc=0/1000
CPU: temp=0°C source=0 psi=0% load=2% freq=0kHz ipc=0/1000
CPU: temp=0°C source=0 psi=0% load=2% freq=0kHz ipc=0/1000
CPU: temp=0°C source=0 psi=0% load=2% freq=0kHz ipc=0/1000
CPU: temp=0°C source=0 psi=0% load=2% freq=0kHz ipc=0/1000
CPU: temp=0°C source=0 psi=0% load=2% freq=0kHz ipc=0/1000
CPU: temp=0°C source=0 psi=0% load=2% freq=0kHz ipc=0/1000
CPU: temp=0°C source=0 psi=0% load=2% freq=0kHz ipc=0/1000
CPU: temp=0°C source=0 psi=0% load=2% freq=0kHz ipc=0/1000
CPU: temp=0°C source=0 psi=0% load=2% freq=0kHz ipc=0/1000
CPU: temp=0°C source=0 psi=0% load=2% freq=0kHz ipc=0/1000
CPU: temp=0°C source=0 psi=0% load=2% freq=0kHz ipc=0/1000
CPU: temp=0°C source=0 psi=0% load=2% freq=0kHz ipc=0/1000
CPU: temp=0°C source=0 psi=0% load=2% freq=0kHz ipc=0/1000
CPU: temp=0°C source=0 psi=0% load=2% freq=0kHz ipc=0/1000
CPU: temp=0°C source=0 psi=0% load=2% freq=0kHz ipc=0/1000
CPU: temp=0°C source=0 psi=0% load=2% freq=0kHz ipc=0/1000
CPU: temp=0°C source=0 psi=0% load=2% freq=0kHz ipc=0/1000
CPU: temp=0°C source=0 psi=0% load=2% freq=0kHz ipc=0/1000
CPU: temp=0°C source=0 psi=0% load=2% freq=0kHz ipc=0/1000
CPU: temp=0°C source=0 psi=0% load=2% freq=0kHz ipc=0/1000
CPU: temp=0°C source=0 psi=0% load=2% freq=0kHz ipc=0/1000
CPU: temp=0°C source=0 psi=0% load=2% freq=0kHz ipc=0/1000
CPU: temp=0°C source=0 psi=0% load=2% freq=0kHz ipc=0/1000
CPU: temp=0°C source=0 psi=0% load=2% freq=0kHz ipc=0/1000
CPU: temp=0°C source=0 psi=0% load=2% freq=0kHz ipc=0/1000
CPU: temp=0°C source=0 psi=0% load=2% freq=0kHz ipc=0/1000
CPU: temp=0°C source=0 psi=0% load=2% freq=0kHz ipc=0/1000
CPU: temp=0°C source=0 psi=0% load=2% freq=0kHz ipc=0/1000
CPU: temp=0°C source=0 psi=0% load=2% freq=0kHz ipc=0/1000
CPU: temp=0°C source=0 psi=0% load=2% freq=0kHz ipc=0/1000
CPU: temp=0°C source=0 psi=0% load=2% freq=0kHz ipc=0/1000
CPU: temp=0°C source=0 psi=0% load=2% freq=0kHz ipc=0/1000
CPU: temp=0°C source=0 psi=0% load=2% freq=0kHz ipc=0/1000
CPU: temp=0°C source=0 psi=0% load=2% freq=0kHz ipc=0/1000
CPU: temp=0°C source=0 psi=0% load=2% freq=0kHz ipc=0/1000
CPU: temp=0°C source=0 psi=0% load=2% freq=0kHz ipc=0/1000
CPU: temp=0°C source=0 psi=0% load=2% freq=0kHz ipc=0/1000
CPU: temp=0°C source=0 psi=0% load=2% freq=0kHz ipc=0/1000
CPU: temp=0°C source=0 psi=0% load=2% freq=0kHz ipc=0/1000
CPU: temp=0°C source=0 psi=0% load=2% freq=0kHz ipc=0/1000
CPU: temp=0°C source=0 psi=0% load=2% freq=0kHz ipc=0/1000
CPU: temp=0°C source=0 psi=0% load=2% freq=0kHz ipc=0/1000
CPU: temp=0°C source=0 psi=0% load=2% freq=0kHz ipc=0/1000
CPU: temp=0°C source=0 psi=0% load=2% freq=0kHz ipc=0/1000
CPU: temp=0°C source=0 psi=0% load=2% freq=0kHz ipc=0/1000
CPU: temp=0°C source=0 psi=0% load=2% freq=0kHz ipc=0/1000
CPU: temp=0°C source=0 psi=0% load=2% freq=0kHz ipc=0/1000
CPU: temp=0°C source=0 psi=0% load=2% freq=0kHz ipc=0/1000
CPU: temp=0°C source=0 psi=0% load=2% freq=0kHz ipc=0/1000
CPU: temp=0°C source=0 psi=0% load=2% freq=0kHz ipc=0/1000
CPU: temp=0°C source=0 psi=0% load=2% freq=0kHz ipc=0/1000
CPU: temp=0°C source=0 psi=0% load=2% freq=0kHz ipc=0/1000
CPU: temp=0°C source=0 psi=0% load=2% freq=0kHz ipc=0/1000
CPU: temp=0°C source=0 psi=0% load=2% freq=0kHz ipc=0/1000
CPU: temp=0°C source=0 psi=0% load=2% freq=0kHz ipc=0/1000
CPU: temp=0°C source=0 psi=0% load=2% freq=0kHz ipc=0/1000
CPU: temp=0°C source=0 psi=0% load=2% freq=0kHz ipc=0/1000
CPU: temp=0°C source=0 psi=0% load=2% freq=0kHz ipc=0/1000
CPU: temp=0°C source=0 psi=0% load=2% freq=0kHz ipc=0/1000
CPU: temp=0°C source=0 psi=0% load=2% freq=0kHz ipc=0/1000
CPU: temp=0°C source=0 psi=0% load=2% freq=0kHz ipc=0/1000
CPU: temp=0°C source=0 psi=0% load=2% freq=0kHz ipc=0/1000
CPU: temp=0°C source=0 psi=0% load=2% freq=0kHz ipc=0/1000
CPU: temp=0°C source=0 psi=0% load=2% freq=0kHz ipc=0/1000
CPU: temp=0°C source=0 psi=0% load=2% freq=0kHz ipc=0/1000
CPU: temp=0°C source=0 psi=0% load=2% freq=0kHz ipc=0/1000
CPU: temp=0°C source=0 psi=0% load=2% freq=0kHz ipc=0/1000
CPU: temp=0°C source=0 psi=0% load=2% freq=0kHz ipc=0/1000
CPU: temp=0°C source=0 psi=0% load=1% freq=0kHz ipc=0/1000
CPU: temp=0°C source=0 psi=0% load=1% freq=0kHz ipc=0/1000
CPU: temp=0°C source=0 psi=0% load=1% freq=0kHz ipc=0/1000
CPU: temp=0°C source=0 psi=0% load=1% freq=0kHz ipc=0/1000
CPU: temp=0°C source=0 psi=0% load=1% freq=0kHz ipc=0/1000
CPU: temp=0°C source=0 psi=0% load=1% freq=0kHz ipc=0/1000
CPU: temp=0°C source=0 psi=0% load=1% freq=0kHz ipc=0/1000
CPU: temp=0°C source=0 psi=0% load=1% freq=0kHz ipc=0/1000
CPU: temp=0°C source=0 psi=0% load=1% freq=0kHz ipc=0/1000
CPU: temp=0°C source=0 psi=0% load=1% freq=0kHz ipc=0/1000
CPU: temp=0°C source=0 psi=0% load=1% freq=0kHz ipc=0/1000
CPU: temp=0°C source=0 psi=0% load=1% freq=0kHz ipc=0/1000
CPU: temp=0°C source=0 psi=0% load=1% freq=0kHz ipc=0/1000
CPU: temp=0°C source=0 psi=0% load=1% freq=0kHz ipc=0/1000
CPU: temp=0°C source=0 psi=0% load=1% freq=0kHz ipc=0/1000
CPU: temp=0°C source=0 psi=0% load=1% freq=0kHz ipc=0/1000
CPU: temp=0°C source=0 psi=0% load=1% freq=0kHz ipc=0/1000
CPU: temp=0°C source=0 psi=0% load=1% freq=0kHz ipc=0/1000
CPU: temp=0°C source=0 psi=0% load=1% freq=0kHz ipc=0/1000
CPU: temp=0°C source=0 psi=0% load=1% freq=0kHz ipc=0/1000
CPU: temp=0°C source=0 psi=0% load=1% freq=0kHz ipc=0/1000
CPU: temp=0°C source=0 psi=0% load=1% freq=0kHz ipc=0/1000
CPU: temp=0°C source=0 psi=0% load=1% freq=0kHz ipc=0/1000
CPU: temp=0°C source=0 psi=0% load=1% freq=0kHz ipc=0/1000
CPU: temp=0°C source=0 psi=0% load=1% freq=0kHz ipc=0/1000
CPU: temp=0°C source=0 psi=0% load=1% freq=0kHz ipc=0/1000
CPU: temp=0°C source=0 psi=0% load=1% freq=0kHz ipc=0/1000
CPU: temp=0°C source=0 psi=0% load=1% freq=0kHz ipc=0/1000
CPU: temp=0°C source=0 psi=0% load=1% freq=0kHz ipc=0/1000
CPU: temp=0°C source=0 psi=0% load=1% freq=0kHz ipc=0/1000
CPU: temp=0°C source=0 psi=0% load=1% freq=0kHz ipc=0/1000
CPU: temp=0°C source=0 psi=0% load=1% freq=0kHz ipc=0/1000
CPU: temp=0°C source=0 psi=0% load=1% freq=0kHz ipc=0/1000
CPU: temp=0°C source=0 psi=0% load=1% freq=0kHz ipc=0/1000
CPU: temp=0°C source=0 psi=0% load=1% freq=0kHz ipc=0/1000
CPU: temp=0°C source=0 psi=0% load=1% freq=0kHz ipc=0/1000
CPU: temp=0°C source=0 psi=0% load=1% freq=0kHz ipc=0/1000
CPU: temp=0°C source=0 psi=0% load=1% freq=0kHz ipc=0/1000
CPU: temp=0°C source=0 psi=0% load=1% freq=0kHz ipc=0/1000
CPU: temp=0°C source=0 psi=0% load=1% freq=0kHz ipc=0/1000
CPU: temp=0°C source=0 psi=0% load=1% freq=0kHz ipc=0/1000
CPU: temp=0°C source=0 psi=0% load=1% freq=0kHz ipc=0/1000
CPU: temp=0°C source=0 psi=0% load=1% freq=0kHz ipc=0/1000
CPU: temp=0°C source=0 psi=0% load=1% freq=0kHz ipc=0/1000
CPU: temp=0°C source=0 psi=0% load=1% freq=0kHz ipc=0/1000
CPU: temp=0°C source=0 psi=0% load=1% freq=0kHz ipc=0/1000
CPU: temp=0°C source=0 psi=0% load=1% freq=0kHz ipc=0/1000
CPU: temp=0°C source=0 psi=0% load=1% freq=0kHz ipc=0/1000
CPU: temp=0°C source=0 psi=0% load=1% freq=0kHz ipc=0/1000
CPU: temp=0°C source=0 psi=0% load=1% freq=0kHz ipc=0/1000
CPU: temp=0°C source=0 psi=0% load=1% freq=0kHz ipc=0/1000
CPU: temp=0°C source=0 psi=0% load=1% freq=0kHz ipc=0/1000
CPU: temp=0°C source=0 psi=0% load=1% freq=0kHz ipc=0/1000
CPU: temp=0°C source=0 psi=0% load=1% freq=0kHz ipc=0/1000
CPU: temp=0°C source=0 psi=0% load=1% freq=0kHz ipc=0/1000
CPU: temp=0°C source=0 psi=0% load=1% freq=0kHz ipc=0/1000
CPU: temp=0°C source=0 psi=0% load=1% freq=0kHz ipc=0/1000
CPU: temp=0°C source=0 psi=0% load=1% freq=0kHz ipc=0/1000
CPU: temp=0°C source=0 psi=0% load=1% freq=0kHz ipc=0/1000
CPU: temp=0°C source=0 psi=0% load=1% freq=0kHz ipc=0/1000
CPU: temp=0°C source=0 psi=0% load=1% freq=0kHz ipc=0/1000
CPU: temp=0°C source=0 psi=0% load=1% freq=0kHz ipc=0/1000
CPU: temp=0°C source=0 psi=0% load=1% freq=0kHz ipc=0/1000
CPU: temp=0°C source=0 psi=0% load=1% freq=0kHz ipc=0/1000
CPU: temp=0°C source=0 psi=0% load=1% freq=0kHz ipc=0/1000
CPU: temp=0°C source=0 psi=0% load=1% freq=0kHz ipc=0/1000
CPU: temp=0°C source=0 psi=0% load=1% freq=0kHz ipc=0/1000
CPU: temp=0°C source=0 psi=0% load=1% freq=0kHz ipc=0/1000
CPU: temp=0°C source=0 psi=0% load=1% freq=0kHz ipc=0/1000
CPU: temp=0°C source=0 psi=0% load=1% freq=0kHz ipc=0/1000
CPU: temp=0°C source=0 psi=0% load=1% freq=0kHz ipc=0/1000
CPU: temp=0°C source=0 psi=0% load=1% freq=0kHz ipc=0/1000
CPU: temp=0°C source=0 psi=0% load=1% freq=0kHz ipc=0/1000
CPU: temp=0°C source=0 psi=0% load=1% freq=0kHz ipc=0/1000
CPU: temp=0°C source=0 psi=0% load=1% freq=0kHz ipc=0/1000
CPU: temp=0°C source=0 psi=0% load=1% freq=0kHz ipc=0/1000
CPU: temp=0°C source=0 psi=0% load=1% freq=0kHz ipc=0/1000
CPU: temp=0°C source=0 psi=0% load=1% freq=0kHz ipc=0/1000
CPU: temp=0°C source=0 psi=0% load=1% freq=0kHz ipc=0/1000
CPU: temp=0°C source=0 psi=0% load=1% freq=0kHz ipc=0/1000
CPU: temp=0°C source=0 psi=0% load=1% freq=0kHz ipc=0/1000
CPU: temp=0°C source=0 psi=0% load=1% freq=0kHz ipc=0/1000
CPU: temp=0°C source=0 psi=0% load=1% freq=0kHz ipc=0/1000
CPU: temp=0°C source=0 psi=0% load=1% freq=0kHz ipc=0/1000
CPU: temp=0°C source=0 psi=0% load=1% freq=0kHz ipc=0/1000
CPU: temp=0°C source=0 psi=0% load=1% freq=0kHz ipc=0/1000
CPU: temp=0°C source=0 psi=0% load=1% freq=0kHz ipc=0/1000
CPU: temp=0°C source=0 psi=0% load=1% freq=0kHz ipc=0/1000
CPU: temp=0°C source=0 psi=0% load=1% freq=0kHz ipc=0/1000
CPU: temp=0°C source=0 psi=0% load=1% freq=0kHz ipc=0/1000
CPU: temp=0°C source=0 psi=0% load=1% freq=0kHz ipc=0/1000
CPU: temp=0°C source=0 psi=0% load=1% freq=0kHz ipc=0/1000
CPU: temp=0°C source=0 psi=0% load=1% freq=0kHz ipc=0/1000
CPU: temp=0°C source=0 psi=0% load=1% freq=0kHz ipc=0/1000
CPU: temp=0°C source=0 psi=0% load=1% freq=0kHz ipc=0/1000
CPU: temp=0°C source=0 psi=0% load=1% freq=0kHz ipc=0/1000
CPU: temp=0°C source=0 psi=0% load=1% freq=0kHz ipc=0/1000
CPU: temp=0°C source=0 psi=0% load=1% freq=0kHz ipc=0/1000
CPU: temp=0°C source=0 psi=0% load=1% freq=0kHz ipc=0/1000
CPU: temp=0°C source=0 psi=0% load=1% freq=0kHz ipc=0/1000
CPU: temp=0°C source=0 psi=0% load=1% freq=0kHz ipc=0/1000
CPU: temp=0°C source=0 psi=0% load=1% freq=0kHz ipc=0/1000
CPU: temp=0°C source=0 psi=0% load=1% freq=0kHz ipc=0/1000
CPU: temp=0°C source=0 psi=0% load=1% freq=0kHz ipc=0/1000
CPU: temp=0°C source=0 psi=0% load=1% freq=0kHz ipc=0/1000
CPU: temp=0°C source=0 psi=0% load=1% freq=0kHz ipc=0/1000
CPU: temp=0°C source=0 psi=0% load=1% freq=0kHz ipc=0/1000
CPU: temp=0°C source=0 psi=0% load=1% freq=0kHz ipc=0/1000
CPU: temp=0°C source=0 psi=0% load=1% freq=0kHz ipc=0/1000
CPU: temp=0°C source=0 psi=0% load=1% freq=0kHz ipc=0/1000
CPU: temp=0°C source=0 psi=0% load=1% freq=0kHz ipc=0/1000
CPU: temp=0°C source=0 psi=0% load=1% freq=0kHz ipc=0/1000
CPU: temp=0°C source=0 psi=0% load=1% freq=0kHz ipc=0/1000
CPU: temp=0°C source=0 psi=0% load=1% freq=0kHz ipc=0/1000
CPU: temp=0°C source=0 psi=0% load=1% freq=0kHz ipc=0/1000
CPU: temp=0°C source=0 psi=0% load=1% freq=0kHz ipc=0/1000
CPU: temp=0°C source=0 psi=0% load=1% freq=0kHz ipc=0/1000
CPU: temp=0°C source=0 psi=0% load=1% freq=0kHz ipc=0/1000
CPU: temp=0°C source=0 psi=0% load=1% freq=0kHz ipc=0/1000
CPU: temp=0°C source=0 psi=0% load=1% freq=0kHz ipc=0/1000
CPU: temp=0°C source=0 psi=0% load=1% freq=0kHz ipc=0/1000
CPU: temp=0°C source=0 psi=0% load=1% freq=0kHz ipc=0/1000
CPU: temp=0°C source=0 psi=0% load=1% freq=0kHz ipc=0/1000
CPU: temp=0°C source=0 psi=0% load=1% freq=0kHz ipc=0/1000
CPU: temp=0°C source=0 psi=0% load=1% freq=0kHz ipc=0/1000
CPU: temp=0°C source=0 psi=0% load=1% freq=0kHz ipc=0/1000
CPU: temp=0°C source=0 psi=0% load=1% freq=0kHz ipc=0/1000
CPU: temp=0°C source=0 psi=0% load=1% freq=0kHz ipc=0/1000
CPU: temp=0°C source=0 psi=0% load=1% freq=0kHz ipc=0/1000
CPU: temp=0°C source=0 psi=0% load=1% freq=0kHz ipc=0/1000
CPU: temp=0°C source=0 psi=0% load=1% freq=0kHz ipc=0/1000
CPU: temp=0°C source=0 psi=0% load=1% freq=0kHz ipc=0/1000
CPU: temp=0°C source=0 psi=0% load=1% freq=0kHz ipc=0/1000
CPU: temp=0°C source=0 psi=0% load=1% freq=0kHz ipc=0/1000
CPU: temp=0°C source=0 psi=0% load=1% freq=0kHz ipc=0/1000
CPU: temp=0°C source=0 psi=0% load=1% freq=0kHz ipc=0/1000
CPU: temp=0°C source=0 psi=0% load=1% freq=0kHz ipc=0/1000
CPU: temp=0°C source=0 psi=0% load=1% freq=0kHz ipc=0/1000
CPU: temp=0°C source=0 psi=0% load=1% freq=0kHz ipc=0/1000
CPU: temp=0°C source=0 psi=0% load=1% freq=0kHz ipc=0/1000
CPU: temp=0°C source=0 psi=0% load=1% freq=0kHz ipc=0/1000
CPU: temp=0°C source=0 psi=0% load=1% freq=0kHz ipc=0/1000
CPU: temp=0°C source=0 psi=0% load=1% freq=0kHz ipc=0/1000
CPU: temp=0°C source=0 psi=0% load=1% freq=0kHz ipc=0/1000
CPU: temp=0°C source=0 psi=0% load=1% freq=0kHz ipc=0/1000
CPU: temp=0°C source=0 psi=0% load=1% freq=0kHz ipc=0/1000
CPU: temp=0°C source=0 psi=0% load=1% freq=0kHz ipc=0/1000
CPU: temp=0°C source=0 psi=0% load=1% freq=0kHz ipc=0/1000
CPU: temp=0°C source=0 psi=0% load=1% freq=0kHz ipc=0/1000
CPU: temp=0°C source=0 psi=0% load=1% freq=0kHz ipc=0/1000
CPU: temp=0°C source=0 psi=0% load=1% freq=0kHz ipc=0/1000
CPU: temp=0°C source=0 psi=0% load=1% freq=0kHz ipc=0/1000
CPU: temp=0°C source=0 psi=0% load=1% freq=0kHz ipc=0/1000
CPU: temp=0°C source=0 psi=0% load=1% freq=0kHz ipc=0/1000
CPU: temp=0°C source=0 psi=0% load=1% freq=0kHz ipc=0/1000
CPU: temp=0°C source=0 psi=0% load=1% freq=0kHz ipc=0/1000
CPU: temp=0°C source=0 psi=0% load=1% freq=0kHz ipc=0/1000
CPU: temp=0°C source=0 psi=0% load=1% freq=0kHz ipc=0/1000
CPU: temp=0°C source=0 psi=0% load=1% freq=0kHz ipc=0/1000
CPU: temp=0°C source=0 psi=0% load=1% freq=0kHz ipc=0/1000
CPU: temp=0°C source=0 psi=0% load=1% freq=0kHz ipc=0/1000
CPU: temp=0°C source=0 psi=0% load=1% freq=0kHz ipc=0/1000
CPU: temp=0°C source=0 psi=0% load=1% freq=0kHz ipc=0/1000
CPU: temp=0°C source=0 psi=0% load=1% freq=0kHz ipc=0/1000
CPU: temp=0°C source=0 psi=0% load=1% freq=0kHz ipc=0/1000
CPU: temp=0°C source=0 psi=0% load=1% freq=0kHz ipc=0/1000
CPU: temp=0°C source=0 psi=0% load=1% freq=0kHz ipc=0/1000
CPU: temp=0°C source=0 psi=0% load=1% freq=0kHz ipc=0/1000
CPU: temp=0°C source=0 psi=0% load=1% freq=0kHz ipc=0/1000
CPU: temp=0°C source=0 psi=0% load=1% freq=0kHz ipc=0/1000
CPU: temp=0°C source=0 psi=0% load=1% freq=0kHz ipc=0/1000
CPU: temp=0°C source=0 psi=0% load=1% freq=0kHz ipc=0/1000
CPU: temp=0°C source=0 psi=0% load=1% freq=0kHz ipc=0/1000
CPU: temp=0°C source=0 psi=0% load=1% freq=0kHz ipc=0/1000
CPU: temp=0°C source=0 psi=0% load=1% freq=0kHz ipc=0/1000
CPU: temp=0°C source=0 psi=0% load=1% freq=0kHz ipc=0/1000
CPU: temp=0°C source=0 psi=0% load=1% freq=0kHz ipc=0/1000
CPU: temp=0°C source=0 psi=0% load=1% freq=0kHz ipc=0/1000
CPU: temp=0°C source=0 psi=0% load=1% freq=0kHz ipc=0/1000
CPU: temp=0°C source=0 psi=0% load=1% freq=0kHz ipc=0/1000
CPU: temp=0°C source=0 psi=0% load=1% freq=0kHz ipc=0/1000
CPU: temp=0°C source=0 psi=0% load=1% freq=0kHz ipc=0/1000
CPU: temp=0°C source=0 psi=0% load=1% freq=0kHz ipc=0/1000
CPU: temp=0°C source=0 psi=0% load=1% freq=0kHz ipc=0/1000
CPU: temp=0°C source=0 psi=0% load=1% freq=0kHz ipc=0/1000
CPU: temp=0°C source=0 psi=0% load=1% freq=0kHz ipc=0/1000
CPU: temp=0°C source=0 psi=0% load=1% freq=0kHz ipc=0/1000
CPU: temp=0°C source=0 psi=0% load=1% freq=0kHz ipc=0/1000
CPU: temp=0°C source=0 psi=0% load=1% freq=0kHz ipc=0/1000
CPU: temp=0°C source=0 psi=0% load=1% freq=0kHz ipc=0/1000
CPU: temp=0°C source=0 psi=0% load=1% freq=0kHz ipc=0/1000
CPU: temp=0°C source=0 psi=0% load=1% freq=0kHz ipc=0/1000
CPU: temp=0°C source=0 psi=0% load=1% freq=0kHz ipc=0/1000
CPU: temp=0°C source=0 psi=0% load=1% freq=0kHz ipc=0/1000
CPU: temp=0°C source=0 psi=0% load=1% freq=0kHz ipc=0/1000
CPU: temp=0°C source=0 psi=0% load=1% freq=0kHz ipc=0/1000
CPU: temp=0°C source=0 psi=0% load=1% freq=0kHz ipc=0/1000
CPU: temp=0°C source=0 psi=0% load=1% freq=0kHz ipc=0/1000
CPU: temp=0°C source=0 psi=0% load=1% freq=0kHz ipc=0/1000
CPU: temp=0°C source=0 psi=0% load=1% freq=0kHz ipc=0/1000
CPU: temp=0°C source=0 psi=0% load=1% freq=0kHz ipc=0/1000
CPU: temp=0°C source=0 psi=0% load=1% freq=0kHz ipc=0/1000
CPU: temp=0°C source=0 psi=0% load=1% freq=0kHz ipc=0/1000
CPU: temp=0°C source=0 psi=0% load=1% freq=0kHz ipc=0/1000
CPU: temp=0°C source=0 psi=0% load=1% freq=0kHz ipc=0/1000
CPU: temp=0°C source=0 psi=0% load=1% freq=0kHz ipc=0/1000
CPU: temp=0°C source=0 psi=0% load=1% freq=0kHz ipc=0/1000
CPU: temp=0°C source=0 psi=0% load=1% freq=0kHz ipc=0/1000
CPU: temp=0°C source=0 psi=0% load=1% freq=0kHz ipc=0/1000
CPU: temp=0°C source=0 psi=0% load=1% freq=0kHz ipc=0/1000
CPU: temp=0°C source=0 psi=0% load=1% freq=0kHz ipc=0/1000
CPU: temp=0°C source=0 psi=0% load=1% freq=0kHz ipc=0/1000
CPU: temp=0°C source=0 psi=0% load=1% freq=0kHz ipc=0/1000
CPU: temp=0°C source=0 psi=0% load=1% freq=0kHz ipc=0/1000
CPU: temp=0°C source=0 psi=0% load=1% freq=0kHz ipc=0/1000
CPU: temp=0°C source=0 psi=0% load=1% freq=0kHz ipc=0/1000
CPU: temp=0°C source=0 psi=0% load=1% freq=0kHz ipc=0/1000
CPU: temp=0°C source=0 psi=0% load=1% freq=0kHz ipc=0/1000
CPU: temp=0°C source=0 psi=0% load=1% freq=0kHz ipc=0/1000
CPU: temp=0°C source=0 psi=0% load=1% freq=0kHz ipc=0/1000
CPU: temp=0°C source=0 psi=0% load=1% freq=0kHz ipc=0/1000
CPU: temp=0°C source=0 psi=0% load=1% freq=0kHz ipc=0/1000
CPU: temp=0°C source=0 psi=0% load=1% freq=0kHz ipc=0/1000
CPU: temp=0°C source=0 psi=0% load=1% freq=0kHz ipc=0/1000
CPU: temp=0°C source=0 psi=0% load=1% freq=0kHz ipc=0/1000
CPU: temp=0°C source=0 psi=0% load=1% freq=0kHz ipc=0/1000
CPU: temp=0°C source=0 psi=0% load=1% freq=0kHz ipc=0/1000
CPU: temp=0°C source=0 psi=0% load=1% freq=0kHz ipc=0/1000
CPU: temp=0°C source=0 psi=0% load=1% freq=0kHz ipc=0/1000
CPU: temp=0°C source=0 psi=0% load=1% freq=0kHz ipc=0/1000
CPU: temp=0°C source=0 psi=0% load=1% freq=0kHz ipc=0/1000
CPU: temp=0°C source=0 psi=0% load=1% freq=0kHz ipc=0/1000
CPU: temp=0°C source=0 psi=0% load=1% freq=0kHz ipc=0/1000
CPU: temp=0°C source=0 psi=0% load=1% freq=0kHz ipc=0/1000
CPU: temp=0°C source=0 psi=0% load=1% freq=0kHz ipc=0/1000
CPU: temp=0°C source=0 psi=0% load=1% freq=0kHz ipc=0/1000
CPU: temp=0°C source=0 psi=0% load=1% freq=0kHz ipc=0/1000
CPU: temp=0°C source=0 psi=0% load=1% freq=0kHz ipc=0/1000
CPU: temp=0°C source=0 psi=0% load=1% freq=0kHz ipc=0/1000
CPU: temp=0°C source=0 psi=0% load=1% freq=0kHz ipc=0/1000
CPU: temp=0°C source=0 psi=0% load=1% freq=0kHz ipc=0/1000
CPU: temp=0°C source=0 psi=0% load=1% freq=0kHz ipc=0/1000
CPU: temp=0°C source=0 psi=0% load=1% freq=0kHz ipc=0/1000
CPU: temp=0°C source=0 psi=0% load=1% freq=0kHz ipc=0/1000
CPU: temp=0°C source=0 psi=0% load=1% freq=0kHz ipc=0/1000
CPU: temp=0°C source=0 psi=0% load=1% freq=0kHz ipc=0/1000
CPU: temp=0°C source=0 psi=0% load=1% freq=0kHz ipc=0/1000
CPU: temp=0°C source=0 psi=0% load=1% freq=0kHz ipc=0/1000
CPU: temp=0°C source=0 psi=0% load=1% freq=0kHz ipc=0/1000
CPU: temp=0°C source=0 psi=0% load=1% freq=0kHz ipc=0/1000
CPU: temp=0°C source=0 psi=0% load=1% freq=0kHz ipc=0/1000
CPU: temp=0°C source=0 psi=0% load=1% freq=0kHz ipc=0/1000
CPU: temp=0°C source=0 psi=0% load=1% freq=0kHz ipc=0/1000
CPU: temp=0°C source=0 psi=0% load=1% freq=0kHz ipc=0/1000
CPU: temp=0°C source=0 psi=0% load=1% freq=0kHz ipc=0/1000
CPU: temp=0°C source=0 psi=0% load=1% freq=0kHz ipc=0/1000
CPU: temp=0°C source=0 psi=0% load=1% freq=0kHz ipc=0/1000
CPU: temp=0°C source=0 psi=0% load=1% freq=0kHz ipc=0/1000
CPU: temp=0°C source=0 psi=0% load=1% freq=0kHz ipc=0/1000
CPU: temp=0°C source=0 psi=0% load=1% freq=0kHz ipc=0/1000
CPU: temp=0°C source=0 psi=0% load=1% freq=0kHz ipc=0/1000
CPU: temp=0°C source=0 psi=0% load=1% freq=0kHz ipc=0/1000
CPU: temp=0°C source=0 psi=0% load=1% freq=0kHz ipc=0/1000
CPU: temp=0°C source=0 psi=0% load=1% freq=0kHz ipc=0/1000
CPU: temp=0°C source=0 psi=0% load=1% freq=0kHz ipc=0/1000
CPU: temp=0°C source=0 psi=0% load=1% freq=0kHz ipc=0/1000
CPU: temp=0°C source=0 psi=0% load=1% freq=0kHz ipc=0/1000
CPU: temp=0°C source=0 psi=0% load=1% freq=0kHz ipc=0/1000
CPU: temp=0°C source=0 psi=0% load=1% freq=0kHz ipc=0/1000
CPU: temp=0°C source=0 psi=0% load=1% freq=0kHz ipc=0/1000
CPU: temp=0°C source=0 psi=0% load=1% freq=0kHz ipc=0/1000
CPU: temp=0°C source=0 psi=0% load=1% freq=0kHz ipc=0/1000
CPU: temp=0°C source=0 psi=0% load=1% freq=0kHz ipc=0/1000
CPU: temp=0°C source=0 psi=0% load=1% freq=0kHz ipc=0/1000
CPU: temp=0°C source=0 psi=0% load=1% freq=0kHz ipc=0/1000
CPU: temp=0°C source=0 psi=0% load=1% freq=0kHz ipc=0/1000
CPU: temp=0°C source=0 psi=0% load=1% freq=0kHz ipc=0/1000
CPU: temp=0°C source=0 psi=0% load=1% freq=0kHz ipc=0/1000
CPU: temp=0°C source=0 psi=0% load=1% freq=0kHz ipc=0/1000
CPU: temp=0°C source=0 psi=0% load=1% freq=0kHz ipc=0/1000
CPU: temp=0°C source=0 psi=0% load=1% freq=0kHz ipc=0/1000
CPU: temp=0°C source=0 psi=0% load=1% freq=0kHz ipc=0/1000
CPU: temp=0°C source=0 psi=0% load=1% freq=0kHz ipc=0/1000
CPU: temp=0°C source=0 psi=0% load=1% freq=0kHz ipc=0/1000
CPU: temp=0°C source=0 psi=0% load=1% freq=0kHz ipc=0/1000
CPU: temp=0°C source=0 psi=0% load=1% freq=0kHz ipc=0/1000
CPU: temp=0°C source=0 psi=0% load=1% freq=0kHz ipc=0/1000
CPU: temp=0°C source=0 psi=0% load=1% freq=0kHz ipc=0/1000
CPU: temp=0°C source=0 psi=0% load=1% freq=0kHz ipc=0/1000
CPU: temp=0°C source=0 psi=0% load=1% freq=0kHz ipc=0/1000
CPU: temp=0°C source=0 psi=0% load=1% freq=0kHz ipc=0/1000
CPU: temp=0°C source=0 psi=0% load=1% freq=0kHz ipc=0/1000
CPU: temp=0°C source=0 psi=0% load=1% freq=0kHz ipc=0/1000
CPU: temp=0°C source=0 psi=0% load=1% freq=0kHz ipc=0/1000
CPU: temp=0°C source=0 psi=0% load=1% freq=0kHz ipc=0/1000
CPU: temp=0°C source=0 psi=0% load=1% freq=0kHz ipc=0/1000
CPU: temp=0°C source=0 psi=0% load=1% freq=0kHz ipc=0/1000
CPU: temp=0°C source=0 psi=0% load=1% freq=0kHz ipc=0/1000
CPU: temp=0°C source=0 psi=0% load=1% freq=0kHz ipc=0/1000
CPU: temp=0°C source=0 psi=0% load=1% freq=0kHz ipc=0/1000
CPU: temp=0°C source=0 psi=0% load=1% freq=0kHz ipc=0/1000
CPU: temp=0°C source=0 psi=0% load=1% freq=0kHz ipc=0/1000
CPU: temp=0°C source=0 psi=0% load=1% freq=0kHz ipc=0/1000
CPU: temp=0°C source=0 psi=0% load=1% freq=0kHz ipc=0/1000
CPU: temp=0°C source=0 psi=0% load=1% freq=0kHz ipc=0/1000
CPU: temp=0°C source=0 psi=0% load=1% freq=0kHz ipc=0/1000
CPU: temp=0°C source=0 psi=0% load=1% freq=0kHz ipc=0/1000
CPU: temp=0°C source=0 psi=0% load=1% freq=0kHz ipc=0/1000
CPU: temp=0°C source=0 psi=0% load=1% freq=0kHz ipc=0/1000
CPU: temp=0°C source=0 psi=0% load=1% freq=0kHz ipc=0/1000
CPU: temp=0°C source=0 psi=0% load=1% freq=0kHz ipc=0/1000
CPU: temp=0°C source=0 psi=0% load=1% freq=0kHz ipc=0/1000
CPU: temp=0°C source=0 psi=0% load=1% freq=0kHz ipc=0/1000
CPU: temp=0°C source=0 psi=0% load=1% freq=0kHz ipc=0/1000
CPU: temp=0°C source=0 psi=0% load=1% freq=0kHz ipc=0/1000
CPU: temp=0°C source=0 psi=0% load=1% freq=0kHz ipc=0/1000
CPU: temp=0°C source=0 psi=0% load=1% freq=0kHz ipc=0/1000
CPU: temp=0°C source=0 psi=0% load=1% freq=0kHz ipc=0/1000
CPU: temp=0°C source=0 psi=0% load=1% freq=0kHz ipc=0/1000
CPU: temp=0°C source=0 psi=0% load=1% freq=0kHz ipc=0/1000
CPU: temp=0°C source=0 psi=0% load=1% freq=0kHz ipc=0/1000
CPU: temp=0°C source=0 psi=0% load=1% freq=0kHz ipc=0/1000
CPU: temp=0°C source=0 psi=0% load=1% freq=0kHz ipc=0/1000
CPU: temp=0°C source=0 psi=0% load=1% freq=0kHz ipc=0/1000
CPU: temp=0°C source=0 psi=0% load=1% freq=0kHz ipc=0/1000
CPU: temp=0°C source=0 psi=0% load=1% freq=0kHz ipc=0/1000
CPU: temp=0°C source=0 psi=0% load=1% freq=0kHz ipc=0/1000
CPU: temp=0°C source=0 psi=0% load=1% freq=0kHz ipc=0/1000
CPU: temp=0°C source=0 psi=0% load=1% freq=0kHz ipc=0/1000
CPU: temp=0°C source=0 psi=0% load=1% freq=0kHz ipc=0/1000
CPU: temp=0°C source=0 psi=0% load=1% freq=0kHz ipc=0/1000
CPU: temp=0°C source=0 psi=0% load=1% freq=0kHz ipc=0/1000
CPU: temp=0°C source=0 psi=0% load=1% freq=0kHz ipc=0/1000
CPU: temp=0°C source=0 psi=0% load=1% freq=0kHz ipc=0/1000
CPU: temp=0°C source=0 psi=0% load=1% freq=0kHz ipc=0/1000
CPU: temp=0°C source=0 psi=0% load=1% freq=0kHz ipc=0/1000
CPU: temp=0°C source=0 psi=0% load=1% freq=0kHz ipc=0/1000
CPU: temp=0°C source=0 psi=0% load=1% freq=0kHz ipc=0/1000
CPU: temp=0°C source=0 psi=0% load=1% freq=0kHz ipc=0/1000
CPU: temp=0°C source=0 psi=0% load=1% freq=0kHz ipc=0/1000
CPU: temp=0°C source=0 psi=0% load=1% freq=0kHz ipc=0/1000
CPU: temp=0°C source=0 psi=0% load=1% freq=0kHz ipc=0/1000
CPU: temp=0°C source=0 psi=0% load=1% freq=0kHz ipc=0/1000
CPU: temp=0°C source=0 psi=0% load=1% freq=0kHz ipc=0/1000
CPU: temp=0°C source=0 psi=0% load=1% freq=0kHz ipc=0/1000
CPU: temp=0°C source=0 psi=0% load=1% freq=0kHz ipc=0/1000
CPU: temp=0°C source=0 psi=0% load=1% freq=0kHz ipc=0/1000
CPU: temp=0°C source=0 psi=0% load=1% freq=0kHz ipc=0/1000
CPU: temp=0°C source=0 psi=0% load=1% freq=0kHz ipc=0/1000
CPU: temp=0°C source=0 psi=0% load=1% freq=0kHz ipc=0/1000
CPU: temp=0°C source=0 psi=0% load=1% freq=0kHz ipc=0/1000
CPU: temp=0°C source=0 psi=0% load=1% freq=0kHz ipc=0/1000
CPU: temp=0°C source=0 psi=0% load=1% freq=0kHz ipc=0/1000
CPU: temp=0°C source=0 psi=0% load=1% freq=0kHz ipc=0/1000
CPU: temp=0°C source=0 psi=0% load=1% freq=0kHz ipc=0/1000
CPU: temp=0°C source=0 psi=0% load=1% freq=0kHz ipc=0/1000
CPU: temp=0°C source=0 psi=0% load=1% freq=0kHz ipc=0/1000
CPU: temp=0°C source=0 psi=0% load=1% freq=0kHz ipc=0/1000
CPU: temp=0°C source=0 psi=0% load=1% freq=0kHz ipc=0/1000
CPU: temp=0°C source=0 psi=0% load=1% freq=0kHz ipc=0/1000
CPU: temp=0°C source=0 psi=0% load=1% freq=0kHz ipc=0/1000
CPU: temp=0°C source=0 psi=0% load=1% freq=0kHz ipc=0/1000
CPU: temp=0°C source=0 psi=0% load=1% freq=0kHz ipc=0/1000
CPU: temp=0°C source=0 psi=0% load=1% freq=0kHz ipc=0/1000
CPU: temp=0°C source=0 psi=0% load=1% freq=0kHz ipc=0/1000
CPU: temp=0°C source=0 psi=0% load=1% freq=0kHz ipc=0/1000
CPU: temp=0°C source=0 psi=0% load=1% freq=0kHz ipc=0/1000
CPU: temp=0°C source=0 psi=0% load=1% freq=0kHz ipc=0/1000
CPU: temp=0°C source=0 psi=0% load=1% freq=0kHz ipc=0/1000
CPU: temp=0°C source=0 psi=0% load=1% freq=0kHz ipc=0/1000
CPU: temp=0°C source=0 psi=0% load=1% freq=0kHz ipc=0/1000
CPU: temp=0°C source=0 psi=0% load=1% freq=0kHz ipc=0/1000
CPU: temp=0°C source=0 psi=0% load=1% freq=0kHz ipc=0/1000
CPU: temp=0°C source=0 psi=0% load=1% freq=0kHz ipc=0/1000
CPU: temp=0°C source=0 psi=0% load=1% freq=0kHz ipc=0/1000
CPU: temp=0°C source=0 psi=0% load=1% freq=0kHz ipc=0/1000
CPU: temp=0°C source=0 psi=0% load=1% freq=0kHz ipc=0/1000
CPU: temp=0°C source=0 psi=0% load=1% freq=0kHz ipc=0/1000
CPU: temp=0°C source=0 psi=0% load=1% freq=0kHz ipc=0/1000
CPU: temp=0°C source=0 psi=0% load=1% freq=0kHz ipc=0/1000
CPU: temp=0°C source=0 psi=0% load=1% freq=0kHz ipc=0/1000
CPU: temp=0°C source=0 psi=0% load=1% freq=0kHz ipc=0/1000
CPU: temp=0°C source=0 psi=0% load=1% freq=0kHz ipc=0/1000
CPU: temp=0°C source=0 psi=0% load=1% freq=0kHz ipc=0/1000
CPU: temp=0°C source=0 psi=0% load=1% freq=0kHz ipc=0/1000
CPU: temp=0°C source=0 psi=0% load=1% freq=0kHz ipc=0/1000
CPU: temp=0°C source=0 psi=0% load=1% freq=0kHz ipc=0/1000
CPU: temp=0°C source=0 psi=0% load=1% freq=0kHz ipc=0/1000
CPU: temp=0°C source=0 psi=0% load=1% freq=0kHz ipc=0/1000
CPU: temp=0°C source=0 psi=0% load=1% freq=0kHz ipc=0/1000
CPU: temp=0°C source=0 psi=0% load=1% freq=0kHz ipc=0/1000
CPU: temp=0°C source=0 psi=0% load=1% freq=0kHz ipc=0/1000
CPU: temp=0°C source=0 psi=0% load=1% freq=0kHz ipc=0/1000
CPU: temp=0°C source=0 psi=0% load=1% freq=0kHz ipc=0/1000
CPU: temp=0°C source=0 psi=0% load=1% freq=0kHz ipc=0/1000
CPU: temp=0°C source=0 psi=0% load=1% freq=0kHz ipc=0/1000
CPU: temp=0°C source=0 psi=0% load=1% freq=0kHz ipc=0/1000
CPU: temp=0°C source=0 psi=0% load=1% freq=0kHz ipc=0/1000
CPU: temp=0°C source=0 psi=0% load=1% freq=0kHz ipc=0/1000
CPU: temp=0°C source=0 psi=0% load=1% freq=0kHz ipc=0/1000
CPU: temp=0°C source=0 psi=0% load=1% freq=0kHz ipc=0/1000
CPU: temp=0°C source=0 psi=0% load=1% freq=0kHz ipc=0/1000
CPU: temp=0°C source=0 psi=0% load=1% freq=0kHz ipc=0/1000
CPU: temp=0°C source=0 psi=0% load=1% freq=0kHz ipc=0/1000
CPU: temp=0°C source=0 psi=0% load=1% freq=0kHz ipc=0/1000
CPU: temp=0°C source=0 psi=0% load=1% freq=0kHz ipc=0/1000
CPU: temp=0°C source=0 psi=0% load=1% freq=0kHz ipc=0/1000
CPU: temp=0°C source=0 psi=0% load=1% freq=0kHz ipc=0/1000
CPU: temp=0°C source=0 psi=0% load=1% freq=0kHz ipc=0/1000
CPU: temp=0°C source=0 psi=0% load=1% freq=0kHz ipc=0/1000
CPU: temp=0°C source=0 psi=0% load=1% freq=0kHz ipc=0/1000
CPU: temp=0°C source=0 psi=0% load=1% freq=0kHz ipc=0/1000
CPU: temp=0°C source=0 psi=0% load=1% freq=0kHz ipc=0/1000
CPU: temp=0°C source=0 psi=0% load=1% freq=0kHz ipc=0/1000
CPU: temp=0°C source=0 psi=0% load=1% freq=0kHz ipc=0/1000
CPU: temp=0°C source=0 psi=0% load=1% freq=0kHz ipc=0/1000
CPU: temp=0°C source=0 psi=0% load=1% freq=0kHz ipc=0/1000
CPU: temp=0°C source=0 psi=0% load=1% freq=0kHz ipc=0/1000
CPU: temp=0°C source=0 psi=0% load=1% freq=0kHz ipc=0/1000
CPU: temp=0°C source=0 psi=0% load=1% freq=0kHz ipc=0/1000
